<?xml version="1.0" encoding="UTF-8"?>
<!-- Generated by org.testng.reporters.JUnitXMLReporter -->
<testsuite hostname="Kubo-PC" name="Command line test" tests="46" failures="0" timestamp="5 Nov 2014 09:50:53 GMT" time="29.658" errors="0">
  <testcase name="testDeleteBottle" time="6.613" classname="muni.fi.pa165.liquorbottles.persistenceLayerTests.BottleDAOImplTest"/>
  <testcase name="testFindAll" time="0.269" classname="muni.fi.pa165.liquorbottles.persistenceLayerTests.BottleDAOImplTest"/>
  <testcase name="testFindByBatchId" time="0.2" classname="muni.fi.pa165.liquorbottles.persistenceLayerTests.BottleDAOImplTest"/>
  <testcase name="testFindByDate" time="0.196" classname="muni.fi.pa165.liquorbottles.persistenceLayerTests.BottleDAOImplTest"/>
  <testcase name="testFindById" time="0.078" classname="muni.fi.pa165.liquorbottles.persistenceLayerTests.BottleDAOImplTest"/>
  <testcase name="testFindByStamp" time="0.156" classname="muni.fi.pa165.liquorbottles.persistenceLayerTests.BottleDAOImplTest"/>
  <testcase name="testFindByToxicity" time="0.135" classname="muni.fi.pa165.liquorbottles.persistenceLayerTests.BottleDAOImplTest"/>
  <testcase name="testInsertBottle" time="0.046" classname="muni.fi.pa165.liquorbottles.persistenceLayerTests.BottleDAOImplTest"/>
  <testcase name="testUpdateBottle" time="0.125" classname="muni.fi.pa165.liquorbottles.persistenceLayerTests.BottleDAOImplTest"/>
  <testcase name="findByAdress" time="0.016" classname="muni.fi.pa165.liquorbottles.persistenceLayerTests.PoliceDAOImplTest"/>
  <testcase name="findByUsername" time="0.047" classname="muni.fi.pa165.liquorbottles.persistenceLayerTests.PoliceDAOImplTest"/>
  <testcase name="findByfindByName" time="0.031" classname="muni.fi.pa165.liquorbottles.persistenceLayerTests.PoliceDAOImplTest"/>
  <testcase name="testDeletePolice" time="0.056" classname="muni.fi.pa165.liquorbottles.persistenceLayerTests.PoliceDAOImplTest"/>
  <testcase name="testFindAll" time="0.036" classname="muni.fi.pa165.liquorbottles.persistenceLayerTests.PoliceDAOImplTest"/>
  <testcase name="testFindById" time="0.015" classname="muni.fi.pa165.liquorbottles.persistenceLayerTests.PoliceDAOImplTest"/>
  <testcase name="testInsertPolice" time="0.0" classname="muni.fi.pa165.liquorbottles.persistenceLayerTests.PoliceDAOImplTest"/>
  <testcase name="testUpdatePolice" time="0.016" classname="muni.fi.pa165.liquorbottles.persistenceLayerTests.PoliceDAOImplTest"/>
  <testcase name="testFindAll" time="0.006" classname="muni.fi.pa165.liquorbottles.persistenceLayerTests.StoreDAOImplTest"/>
  <testcase name="testFindByAdress" time="0.081" classname="muni.fi.pa165.liquorbottles.persistenceLayerTests.StoreDAOImplTest"/>
  <testcase name="testFindById" time="0.016" classname="muni.fi.pa165.liquorbottles.persistenceLayerTests.StoreDAOImplTest"/>
  <testcase name="testInsert" time="0.088" classname="muni.fi.pa165.liquorbottles.persistenceLayerTests.StoreDAOImplTest"/>
  <testcase name="testUpdate" time="0.047" classname="muni.fi.pa165.liquorbottles.persistenceLayerTests.StoreDAOImplTest"/>
  <testcase name="testFindAll" time="0.015" classname="muni.fi.pa165.liquorbottles.persistenceLayerTests.UserDAOImplTest"/>
  <testcase name="testFindById" time="0.031" classname="muni.fi.pa165.liquorbottles.persistenceLayerTests.UserDAOImplTest"/>
  <testcase name="testFindByUsername" time="0.062" classname="muni.fi.pa165.liquorbottles.persistenceLayerTests.UserDAOImplTest"/>
  <testcase name="testFindPassByUsername" time="0.032" classname="muni.fi.pa165.liquorbottles.persistenceLayerTests.UserDAOImplTest"/>
  <testcase name="testInsert" time="0.062" classname="muni.fi.pa165.liquorbottles.persistenceLayerTests.UserDAOImplTest"/>
  <testcase name="testUpdate" time="0.063" classname="muni.fi.pa165.liquorbottles.persistenceLayerTests.UserDAOImplTest"/>
  <testcase name="testDeleteProducer" time="0.031" classname="muni.fi.pa165.liquorbottles.persistenceLayerTests.ProducerDAOImplTest"/>
  <testcase name="testFindById" time="0.0" classname="muni.fi.pa165.liquorbottles.persistenceLayerTests.ProducerDAOImplTest"/>
  <testcase name="findByUsername" time="0.01" classname="muni.fi.pa165.liquorbottles.persistenceLayerTests.ProducerDAOImplTest"/>
  <testcase name="findByfindByName" time="0.0" classname="muni.fi.pa165.liquorbottles.persistenceLayerTests.ProducerDAOImplTest"/>
  <testcase name="findByAdress" time="0.015" classname="muni.fi.pa165.liquorbottles.persistenceLayerTests.ProducerDAOImplTest"/>
  <testcase name="testFindAll" time="0.016" classname="muni.fi.pa165.liquorbottles.persistenceLayerTests.ProducerDAOImplTest"/>
  <testcase name="testInsertProducer" time="0.0" classname="muni.fi.pa165.liquorbottles.persistenceLayerTests.ProducerDAOImplTest"/>
  <testcase name="testUpdateProducer" time="0.055" classname="muni.fi.pa165.liquorbottles.persistenceLayerTests.ProducerDAOImplTest"/>
  <testcase name="testDeleteBottleType" time="0.018" classname="muni.fi.pa165.liquorbottles.persistenceLayerTests.BottleTypeDAOImplTest"/>
  <testcase name="testInsertTypeBottle" time="0.015" classname="muni.fi.pa165.liquorbottles.persistenceLayerTests.BottleTypeDAOImplTest"/>
  <testcase name="findByAlcType" time="0.031" classname="muni.fi.pa165.liquorbottles.persistenceLayerTests.BottleTypeDAOImplTest"/>
  <testcase name="findByPower" time="0.016" classname="muni.fi.pa165.liquorbottles.persistenceLayerTests.BottleTypeDAOImplTest"/>
  <testcase name="testFindById" time="0.0" classname="muni.fi.pa165.liquorbottles.persistenceLayerTests.BottleTypeDAOImplTest"/>
  <testcase name="findByVolume" time="0.015" classname="muni.fi.pa165.liquorbottles.persistenceLayerTests.BottleTypeDAOImplTest"/>
  <testcase name="testFindAll" time="0.016" classname="muni.fi.pa165.liquorbottles.persistenceLayerTests.BottleTypeDAOImplTest"/>
  <testcase name="testUpdateTypeBottle" time="0.032" classname="muni.fi.pa165.liquorbottles.persistenceLayerTests.BottleTypeDAOImplTest"/>
  <testcase name="testDelte" time="0.031" classname="muni.fi.pa165.liquorbottles.persistenceLayerTests.StoreDAOImplTest"/>
  <testcase name="testDelete" time="0.046" classname="muni.fi.pa165.liquorbottles.persistenceLayerTests.UserDAOImplTest"/>
</testsuite> <!-- Command line test -->
