<?xml version="1.0" encoding="UTF-8"?>
<!-- Generated by org.testng.reporters.JUnitXMLReporter -->
<testsuite hostname="Lenovo-PC" name="Command line test" tests="46" failures="0" timestamp="5 Nov 2014 15:07:05 GMT" time="35.203" errors="0">
  <testcase name="testDeleteBottle" time="6.001" classname="muni.fi.pa165.liquorbottles.persistenceLayerTests.BottleDAOImplTest"/>
  <testcase name="testFindAll" time="0.166" classname="muni.fi.pa165.liquorbottles.persistenceLayerTests.BottleDAOImplTest"/>
  <testcase name="testFindByBatchId" time="0.175" classname="muni.fi.pa165.liquorbottles.persistenceLayerTests.BottleDAOImplTest"/>
  <testcase name="testFindByDate" time="0.135" classname="muni.fi.pa165.liquorbottles.persistenceLayerTests.BottleDAOImplTest"/>
  <testcase name="testFindById" time="0.179" classname="muni.fi.pa165.liquorbottles.persistenceLayerTests.BottleDAOImplTest"/>
  <testcase name="testFindByStamp" time="0.227" classname="muni.fi.pa165.liquorbottles.persistenceLayerTests.BottleDAOImplTest"/>
  <testcase name="testFindByToxicity" time="0.134" classname="muni.fi.pa165.liquorbottles.persistenceLayerTests.BottleDAOImplTest"/>
  <testcase name="testInsertBottle" time="0.066" classname="muni.fi.pa165.liquorbottles.persistenceLayerTests.BottleDAOImplTest"/>
  <testcase name="testUpdateBottle" time="0.169" classname="muni.fi.pa165.liquorbottles.persistenceLayerTests.BottleDAOImplTest"/>
  <testcase name="findByAlcType" time="0.046" classname="muni.fi.pa165.liquorbottles.persistenceLayerTests.BottleTypeDAOImplTest"/>
  <testcase name="findByPower" time="0.031" classname="muni.fi.pa165.liquorbottles.persistenceLayerTests.BottleTypeDAOImplTest"/>
  <testcase name="findByVolume" time="0.029" classname="muni.fi.pa165.liquorbottles.persistenceLayerTests.BottleTypeDAOImplTest"/>
  <testcase name="testDeleteBottleType" time="0.052" classname="muni.fi.pa165.liquorbottles.persistenceLayerTests.BottleTypeDAOImplTest"/>
  <testcase name="testFindAll" time="0.083" classname="muni.fi.pa165.liquorbottles.persistenceLayerTests.BottleTypeDAOImplTest"/>
  <testcase name="testFindById" time="0.016" classname="muni.fi.pa165.liquorbottles.persistenceLayerTests.BottleTypeDAOImplTest"/>
  <testcase name="testInsertTypeBottle" time="0.005" classname="muni.fi.pa165.liquorbottles.persistenceLayerTests.BottleTypeDAOImplTest"/>
  <testcase name="testUpdateTypeBottle" time="0.055" classname="muni.fi.pa165.liquorbottles.persistenceLayerTests.BottleTypeDAOImplTest"/>
  <testcase name="findByAdress" time="0.037" classname="muni.fi.pa165.liquorbottles.persistenceLayerTests.PoliceDAOImplTest"/>
  <testcase name="findByUsername" time="0.049" classname="muni.fi.pa165.liquorbottles.persistenceLayerTests.PoliceDAOImplTest"/>
  <testcase name="findByfindByName" time="0.048" classname="muni.fi.pa165.liquorbottles.persistenceLayerTests.PoliceDAOImplTest"/>
  <testcase name="testDeletePolice" time="0.062" classname="muni.fi.pa165.liquorbottles.persistenceLayerTests.PoliceDAOImplTest"/>
  <testcase name="testFindAll" time="0.023" classname="muni.fi.pa165.liquorbottles.persistenceLayerTests.PoliceDAOImplTest"/>
  <testcase name="testFindById" time="0.052" classname="muni.fi.pa165.liquorbottles.persistenceLayerTests.PoliceDAOImplTest"/>
  <testcase name="testInsertPolice" time="0.004" classname="muni.fi.pa165.liquorbottles.persistenceLayerTests.PoliceDAOImplTest"/>
  <testcase name="testUpdatePolice" time="0.12" classname="muni.fi.pa165.liquorbottles.persistenceLayerTests.PoliceDAOImplTest"/>
  <testcase name="testFindAll" time="0.014" classname="muni.fi.pa165.liquorbottles.persistenceLayerTests.StoreDAOImplTest"/>
  <testcase name="testFindByAdress" time="0.064" classname="muni.fi.pa165.liquorbottles.persistenceLayerTests.StoreDAOImplTest"/>
  <testcase name="testFindById" time="0.013" classname="muni.fi.pa165.liquorbottles.persistenceLayerTests.StoreDAOImplTest"/>
  <testcase name="testInsert" time="0.089" classname="muni.fi.pa165.liquorbottles.persistenceLayerTests.StoreDAOImplTest"/>
  <testcase name="testUpdate" time="0.078" classname="muni.fi.pa165.liquorbottles.persistenceLayerTests.StoreDAOImplTest"/>
  <testcase name="testFindAll" time="0.026" classname="muni.fi.pa165.liquorbottles.persistenceLayerTests.UserDAOImplTest"/>
  <testcase name="testFindById" time="0.023" classname="muni.fi.pa165.liquorbottles.persistenceLayerTests.UserDAOImplTest"/>
  <testcase name="testFindByUsername" time="0.093" classname="muni.fi.pa165.liquorbottles.persistenceLayerTests.UserDAOImplTest"/>
  <testcase name="testFindPassByUsername" time="0.045" classname="muni.fi.pa165.liquorbottles.persistenceLayerTests.UserDAOImplTest"/>
  <testcase name="testInsert" time="0.13" classname="muni.fi.pa165.liquorbottles.persistenceLayerTests.UserDAOImplTest"/>
  <testcase name="testUpdate" time="0.112" classname="muni.fi.pa165.liquorbottles.persistenceLayerTests.UserDAOImplTest"/>
  <testcase name="testDeleteProducer" time="0.038" classname="muni.fi.pa165.liquorbottles.persistenceLayerTests.ProducerDAOImplTest"/>
  <testcase name="findByUsername" time="0.02" classname="muni.fi.pa165.liquorbottles.persistenceLayerTests.ProducerDAOImplTest"/>
  <testcase name="testFindById" time="0.01" classname="muni.fi.pa165.liquorbottles.persistenceLayerTests.ProducerDAOImplTest"/>
  <testcase name="findByfindByName" time="0.015" classname="muni.fi.pa165.liquorbottles.persistenceLayerTests.ProducerDAOImplTest"/>
  <testcase name="findByAdress" time="0.017" classname="muni.fi.pa165.liquorbottles.persistenceLayerTests.ProducerDAOImplTest"/>
  <testcase name="testFindAll" time="0.012" classname="muni.fi.pa165.liquorbottles.persistenceLayerTests.ProducerDAOImplTest"/>
  <testcase name="testUpdateProducer" time="0.023" classname="muni.fi.pa165.liquorbottles.persistenceLayerTests.ProducerDAOImplTest"/>
  <testcase name="testInsertProducer" time="0.002" classname="muni.fi.pa165.liquorbottles.persistenceLayerTests.ProducerDAOImplTest"/>
  <testcase name="testDelte" time="0.062" classname="muni.fi.pa165.liquorbottles.persistenceLayerTests.StoreDAOImplTest"/>
  <testcase name="testDelete" time="0.106" classname="muni.fi.pa165.liquorbottles.persistenceLayerTests.UserDAOImplTest"/>
</testsuite> <!-- Command line test -->
