<?xml version="1.0" encoding="UTF-8"?>
<testng-results skipped="0" failed="0" total="46" passed="46">
  <reporter-output>
  </reporter-output>
  <suite name="Command line suite" duration-ms="29658" started-at="2014-11-05T09:50:23Z" finished-at="2014-11-05T09:50:53Z">
    <groups>
      <group name="executeBeforeDeleteTest">
        <method signature="StoreDAOImplTest.testFindAll()[pri:0, instance:muni.fi.pa165.liquorbottles.persistenceLayerTests.StoreDAOImplTest@1f8bd6f9]" name="testFindAll" class="muni.fi.pa165.liquorbottles.persistenceLayerTests.StoreDAOImplTest"/>
        <method signature="StoreDAOImplTest.testFindByAdress()[pri:0, instance:muni.fi.pa165.liquorbottles.persistenceLayerTests.StoreDAOImplTest@1f8bd6f9]" name="testFindByAdress" class="muni.fi.pa165.liquorbottles.persistenceLayerTests.StoreDAOImplTest"/>
        <method signature="StoreDAOImplTest.testFindById()[pri:0, instance:muni.fi.pa165.liquorbottles.persistenceLayerTests.StoreDAOImplTest@1f8bd6f9]" name="testFindById" class="muni.fi.pa165.liquorbottles.persistenceLayerTests.StoreDAOImplTest"/>
        <method signature="StoreDAOImplTest.testInsert()[pri:0, instance:muni.fi.pa165.liquorbottles.persistenceLayerTests.StoreDAOImplTest@1f8bd6f9]" name="testInsert" class="muni.fi.pa165.liquorbottles.persistenceLayerTests.StoreDAOImplTest"/>
        <method signature="StoreDAOImplTest.testUpdate()[pri:0, instance:muni.fi.pa165.liquorbottles.persistenceLayerTests.StoreDAOImplTest@1f8bd6f9]" name="testUpdate" class="muni.fi.pa165.liquorbottles.persistenceLayerTests.StoreDAOImplTest"/>
        <method signature="UserDAOImplTest.testFindAll()[pri:0, instance:muni.fi.pa165.liquorbottles.persistenceLayerTests.UserDAOImplTest@2b520293]" name="testFindAll" class="muni.fi.pa165.liquorbottles.persistenceLayerTests.UserDAOImplTest"/>
        <method signature="UserDAOImplTest.testFindById()[pri:0, instance:muni.fi.pa165.liquorbottles.persistenceLayerTests.UserDAOImplTest@2b520293]" name="testFindById" class="muni.fi.pa165.liquorbottles.persistenceLayerTests.UserDAOImplTest"/>
        <method signature="UserDAOImplTest.testFindByUsername()[pri:0, instance:muni.fi.pa165.liquorbottles.persistenceLayerTests.UserDAOImplTest@2b520293]" name="testFindByUsername" class="muni.fi.pa165.liquorbottles.persistenceLayerTests.UserDAOImplTest"/>
        <method signature="UserDAOImplTest.testFindPassByUsername()[pri:0, instance:muni.fi.pa165.liquorbottles.persistenceLayerTests.UserDAOImplTest@2b520293]" name="testFindPassByUsername" class="muni.fi.pa165.liquorbottles.persistenceLayerTests.UserDAOImplTest"/>
        <method signature="UserDAOImplTest.testInsert()[pri:0, instance:muni.fi.pa165.liquorbottles.persistenceLayerTests.UserDAOImplTest@2b520293]" name="testInsert" class="muni.fi.pa165.liquorbottles.persistenceLayerTests.UserDAOImplTest"/>
        <method signature="UserDAOImplTest.testUpdate()[pri:0, instance:muni.fi.pa165.liquorbottles.persistenceLayerTests.UserDAOImplTest@2b520293]" name="testUpdate" class="muni.fi.pa165.liquorbottles.persistenceLayerTests.UserDAOImplTest"/>
      </group> <!-- executeBeforeDeleteTest -->
    </groups>
    <test name="Command line test" duration-ms="29658" started-at="2014-11-05T09:50:23Z" finished-at="2014-11-05T09:50:53Z">
      <class name="muni.fi.pa165.liquorbottles.persistenceLayerTests.PoliceDAOImplTest">
        <test-method status="PASS" signature="beforeMethod()[pri:0, instance:muni.fi.pa165.liquorbottles.persistenceLayerTests.PoliceDAOImplTest@6f6c0ff5]" name="beforeMethod" is-config="true" duration-ms="187" started-at="2014-11-05T10:50:44Z" finished-at="2014-11-05T10:50:44Z">
          <reporter-output>
          </reporter-output>
        </test-method> <!-- beforeMethod -->
        <test-method status="PASS" signature="findByAdress()[pri:0, instance:muni.fi.pa165.liquorbottles.persistenceLayerTests.PoliceDAOImplTest@6f6c0ff5]" name="findByAdress" duration-ms="16" started-at="2014-11-05T10:50:44Z" finished-at="2014-11-05T10:50:44Z">
          <reporter-output>
          </reporter-output>
        </test-method> <!-- findByAdress -->
        <test-method status="PASS" signature="afterMethod()[pri:0, instance:muni.fi.pa165.liquorbottles.persistenceLayerTests.PoliceDAOImplTest@6f6c0ff5]" name="afterMethod" is-config="true" duration-ms="0" started-at="2014-11-05T10:50:44Z" finished-at="2014-11-05T10:50:44Z">
          <reporter-output>
          </reporter-output>
        </test-method> <!-- afterMethod -->
        <test-method status="PASS" signature="beforeMethod()[pri:0, instance:muni.fi.pa165.liquorbottles.persistenceLayerTests.PoliceDAOImplTest@6f6c0ff5]" name="beforeMethod" is-config="true" duration-ms="244" started-at="2014-11-05T10:50:44Z" finished-at="2014-11-05T10:50:44Z">
          <reporter-output>
          </reporter-output>
        </test-method> <!-- beforeMethod -->
        <test-method status="PASS" signature="findByUsername()[pri:0, instance:muni.fi.pa165.liquorbottles.persistenceLayerTests.PoliceDAOImplTest@6f6c0ff5]" name="findByUsername" duration-ms="47" started-at="2014-11-05T10:50:44Z" finished-at="2014-11-05T10:50:44Z">
          <reporter-output>
          </reporter-output>
        </test-method> <!-- findByUsername -->
        <test-method status="PASS" signature="beforeMethod()[pri:0, instance:muni.fi.pa165.liquorbottles.persistenceLayerTests.PoliceDAOImplTest@6f6c0ff5]" name="beforeMethod" is-config="true" duration-ms="198" started-at="2014-11-05T10:50:44Z" finished-at="2014-11-05T10:50:45Z">
          <reporter-output>
          </reporter-output>
        </test-method> <!-- beforeMethod -->
        <test-method status="PASS" signature="afterMethod()[pri:0, instance:muni.fi.pa165.liquorbottles.persistenceLayerTests.PoliceDAOImplTest@6f6c0ff5]" name="afterMethod" is-config="true" duration-ms="0" started-at="2014-11-05T10:50:44Z" finished-at="2014-11-05T10:50:44Z">
          <reporter-output>
          </reporter-output>
        </test-method> <!-- afterMethod -->
        <test-method status="PASS" signature="findByfindByName()[pri:0, instance:muni.fi.pa165.liquorbottles.persistenceLayerTests.PoliceDAOImplTest@6f6c0ff5]" name="findByfindByName" duration-ms="31" started-at="2014-11-05T10:50:45Z" finished-at="2014-11-05T10:50:45Z">
          <reporter-output>
          </reporter-output>
        </test-method> <!-- findByfindByName -->
        <test-method status="PASS" signature="beforeMethod()[pri:0, instance:muni.fi.pa165.liquorbottles.persistenceLayerTests.PoliceDAOImplTest@6f6c0ff5]" name="beforeMethod" is-config="true" duration-ms="238" started-at="2014-11-05T10:50:45Z" finished-at="2014-11-05T10:50:45Z">
          <reporter-output>
          </reporter-output>
        </test-method> <!-- beforeMethod -->
        <test-method status="PASS" signature="afterMethod()[pri:0, instance:muni.fi.pa165.liquorbottles.persistenceLayerTests.PoliceDAOImplTest@6f6c0ff5]" name="afterMethod" is-config="true" duration-ms="0" started-at="2014-11-05T10:50:45Z" finished-at="2014-11-05T10:50:45Z">
          <reporter-output>
          </reporter-output>
        </test-method> <!-- afterMethod -->
        <test-method status="PASS" signature="testDeletePolice()[pri:0, instance:muni.fi.pa165.liquorbottles.persistenceLayerTests.PoliceDAOImplTest@6f6c0ff5]" name="testDeletePolice" duration-ms="56" started-at="2014-11-05T10:50:45Z" finished-at="2014-11-05T10:50:45Z">
          <reporter-output>
          </reporter-output>
        </test-method> <!-- testDeletePolice -->
        <test-method status="PASS" signature="afterMethod()[pri:0, instance:muni.fi.pa165.liquorbottles.persistenceLayerTests.PoliceDAOImplTest@6f6c0ff5]" name="afterMethod" is-config="true" duration-ms="0" started-at="2014-11-05T10:50:45Z" finished-at="2014-11-05T10:50:45Z">
          <reporter-output>
          </reporter-output>
        </test-method> <!-- afterMethod -->
        <test-method status="PASS" signature="beforeMethod()[pri:0, instance:muni.fi.pa165.liquorbottles.persistenceLayerTests.PoliceDAOImplTest@6f6c0ff5]" name="beforeMethod" is-config="true" duration-ms="229" started-at="2014-11-05T10:50:45Z" finished-at="2014-11-05T10:50:45Z">
          <reporter-output>
          </reporter-output>
        </test-method> <!-- beforeMethod -->
        <test-method status="PASS" signature="testFindAll()[pri:0, instance:muni.fi.pa165.liquorbottles.persistenceLayerTests.PoliceDAOImplTest@6f6c0ff5]" name="testFindAll" duration-ms="36" started-at="2014-11-05T10:50:45Z" finished-at="2014-11-05T10:50:45Z">
          <reporter-output>
          </reporter-output>
        </test-method> <!-- testFindAll -->
        <test-method status="PASS" signature="afterMethod()[pri:0, instance:muni.fi.pa165.liquorbottles.persistenceLayerTests.PoliceDAOImplTest@6f6c0ff5]" name="afterMethod" is-config="true" duration-ms="0" started-at="2014-11-05T10:50:45Z" finished-at="2014-11-05T10:50:45Z">
          <reporter-output>
          </reporter-output>
        </test-method> <!-- afterMethod -->
        <test-method status="PASS" signature="beforeMethod()[pri:0, instance:muni.fi.pa165.liquorbottles.persistenceLayerTests.PoliceDAOImplTest@6f6c0ff5]" name="beforeMethod" is-config="true" duration-ms="218" started-at="2014-11-05T10:50:45Z" finished-at="2014-11-05T10:50:45Z">
          <reporter-output>
          </reporter-output>
        </test-method> <!-- beforeMethod -->
        <test-method status="PASS" signature="testFindById()[pri:0, instance:muni.fi.pa165.liquorbottles.persistenceLayerTests.PoliceDAOImplTest@6f6c0ff5]" name="testFindById" duration-ms="15" started-at="2014-11-05T10:50:45Z" finished-at="2014-11-05T10:50:45Z">
          <reporter-output>
          </reporter-output>
        </test-method> <!-- testFindById -->
        <test-method status="PASS" signature="afterMethod()[pri:0, instance:muni.fi.pa165.liquorbottles.persistenceLayerTests.PoliceDAOImplTest@6f6c0ff5]" name="afterMethod" is-config="true" duration-ms="0" started-at="2014-11-05T10:50:45Z" finished-at="2014-11-05T10:50:45Z">
          <reporter-output>
          </reporter-output>
        </test-method> <!-- afterMethod -->
        <test-method status="PASS" signature="beforeMethod()[pri:0, instance:muni.fi.pa165.liquorbottles.persistenceLayerTests.PoliceDAOImplTest@6f6c0ff5]" name="beforeMethod" is-config="true" duration-ms="250" started-at="2014-11-05T10:50:45Z" finished-at="2014-11-05T10:50:46Z">
          <reporter-output>
          </reporter-output>
        </test-method> <!-- beforeMethod -->
        <test-method status="PASS" signature="beforeMethod()[pri:0, instance:muni.fi.pa165.liquorbottles.persistenceLayerTests.PoliceDAOImplTest@6f6c0ff5]" name="beforeMethod" is-config="true" duration-ms="220" started-at="2014-11-05T10:50:46Z" finished-at="2014-11-05T10:50:46Z">
          <reporter-output>
          </reporter-output>
        </test-method> <!-- beforeMethod -->
        <test-method status="PASS" signature="afterMethod()[pri:0, instance:muni.fi.pa165.liquorbottles.persistenceLayerTests.PoliceDAOImplTest@6f6c0ff5]" name="afterMethod" is-config="true" duration-ms="0" started-at="2014-11-05T10:50:46Z" finished-at="2014-11-05T10:50:46Z">
          <reporter-output>
          </reporter-output>
        </test-method> <!-- afterMethod -->
        <test-method status="PASS" signature="testInsertPolice()[pri:0, instance:muni.fi.pa165.liquorbottles.persistenceLayerTests.PoliceDAOImplTest@6f6c0ff5]" name="testInsertPolice" duration-ms="0" started-at="2014-11-05T10:50:46Z" finished-at="2014-11-05T10:50:46Z">
          <reporter-output>
          </reporter-output>
        </test-method> <!-- testInsertPolice -->
        <test-method status="PASS" signature="testUpdatePolice()[pri:0, instance:muni.fi.pa165.liquorbottles.persistenceLayerTests.PoliceDAOImplTest@6f6c0ff5]" name="testUpdatePolice" duration-ms="16" started-at="2014-11-05T10:50:46Z" finished-at="2014-11-05T10:50:46Z">
          <reporter-output>
          </reporter-output>
        </test-method> <!-- testUpdatePolice -->
        <test-method status="PASS" signature="afterMethod()[pri:0, instance:muni.fi.pa165.liquorbottles.persistenceLayerTests.PoliceDAOImplTest@6f6c0ff5]" name="afterMethod" is-config="true" duration-ms="0" started-at="2014-11-05T10:50:46Z" finished-at="2014-11-05T10:50:46Z">
          <reporter-output>
          </reporter-output>
        </test-method> <!-- afterMethod -->
      </class> <!-- muni.fi.pa165.liquorbottles.persistenceLayerTests.PoliceDAOImplTest -->
      <class name="muni.fi.pa165.liquorbottles.persistenceLayerTests.StoreDAOImplTest">
        <test-method status="PASS" signature="BeforeMethod()[pri:0, instance:muni.fi.pa165.liquorbottles.persistenceLayerTests.StoreDAOImplTest@1f8bd6f9]" name="BeforeMethod" is-config="true" duration-ms="241" started-at="2014-11-05T10:50:46Z" finished-at="2014-11-05T10:50:46Z">
          <reporter-output>
          </reporter-output>
        </test-method> <!-- BeforeMethod -->
        <test-method status="PASS" signature="testFindAll()[pri:0, instance:muni.fi.pa165.liquorbottles.persistenceLayerTests.StoreDAOImplTest@1f8bd6f9]" name="testFindAll" duration-ms="6" started-at="2014-11-05T10:50:46Z" finished-at="2014-11-05T10:50:46Z">
          <reporter-output>
          </reporter-output>
        </test-method> <!-- testFindAll -->
        <test-method status="PASS" signature="BeforeMethod()[pri:0, instance:muni.fi.pa165.liquorbottles.persistenceLayerTests.StoreDAOImplTest@1f8bd6f9]" name="BeforeMethod" is-config="true" duration-ms="261" started-at="2014-11-05T10:50:46Z" finished-at="2014-11-05T10:50:46Z">
          <reporter-output>
          </reporter-output>
        </test-method> <!-- BeforeMethod -->
        <test-method status="PASS" signature="afterMethod()[pri:0, instance:muni.fi.pa165.liquorbottles.persistenceLayerTests.StoreDAOImplTest@1f8bd6f9]" name="afterMethod" is-config="true" duration-ms="0" started-at="2014-11-05T10:50:46Z" finished-at="2014-11-05T10:50:46Z">
          <reporter-output>
          </reporter-output>
        </test-method> <!-- afterMethod -->
        <test-method status="PASS" signature="testFindByAdress()[pri:0, instance:muni.fi.pa165.liquorbottles.persistenceLayerTests.StoreDAOImplTest@1f8bd6f9]" name="testFindByAdress" duration-ms="81" started-at="2014-11-05T10:50:46Z" finished-at="2014-11-05T10:50:46Z">
          <reporter-output>
          </reporter-output>
        </test-method> <!-- testFindByAdress -->
        <test-method status="PASS" signature="BeforeMethod()[pri:0, instance:muni.fi.pa165.liquorbottles.persistenceLayerTests.StoreDAOImplTest@1f8bd6f9]" name="BeforeMethod" is-config="true" duration-ms="204" started-at="2014-11-05T10:50:46Z" finished-at="2014-11-05T10:50:47Z">
          <reporter-output>
          </reporter-output>
        </test-method> <!-- BeforeMethod -->
        <test-method status="PASS" signature="afterMethod()[pri:0, instance:muni.fi.pa165.liquorbottles.persistenceLayerTests.StoreDAOImplTest@1f8bd6f9]" name="afterMethod" is-config="true" duration-ms="0" started-at="2014-11-05T10:50:46Z" finished-at="2014-11-05T10:50:46Z">
          <reporter-output>
          </reporter-output>
        </test-method> <!-- afterMethod -->
        <test-method status="PASS" signature="testFindById()[pri:0, instance:muni.fi.pa165.liquorbottles.persistenceLayerTests.StoreDAOImplTest@1f8bd6f9]" name="testFindById" duration-ms="16" started-at="2014-11-05T10:50:47Z" finished-at="2014-11-05T10:50:47Z">
          <reporter-output>
          </reporter-output>
        </test-method> <!-- testFindById -->
        <test-method status="PASS" signature="BeforeMethod()[pri:0, instance:muni.fi.pa165.liquorbottles.persistenceLayerTests.StoreDAOImplTest@1f8bd6f9]" name="BeforeMethod" is-config="true" duration-ms="283" started-at="2014-11-05T10:50:47Z" finished-at="2014-11-05T10:50:47Z">
          <reporter-output>
          </reporter-output>
        </test-method> <!-- BeforeMethod -->
        <test-method status="PASS" signature="afterMethod()[pri:0, instance:muni.fi.pa165.liquorbottles.persistenceLayerTests.StoreDAOImplTest@1f8bd6f9]" name="afterMethod" is-config="true" duration-ms="0" started-at="2014-11-05T10:50:47Z" finished-at="2014-11-05T10:50:47Z">
          <reporter-output>
          </reporter-output>
        </test-method> <!-- afterMethod -->
        <test-method status="PASS" signature="testInsert()[pri:0, instance:muni.fi.pa165.liquorbottles.persistenceLayerTests.StoreDAOImplTest@1f8bd6f9]" name="testInsert" duration-ms="88" started-at="2014-11-05T10:50:47Z" finished-at="2014-11-05T10:50:47Z">
          <reporter-output>
          </reporter-output>
        </test-method> <!-- testInsert -->
        <test-method status="PASS" signature="afterMethod()[pri:0, instance:muni.fi.pa165.liquorbottles.persistenceLayerTests.StoreDAOImplTest@1f8bd6f9]" name="afterMethod" is-config="true" duration-ms="0" started-at="2014-11-05T10:50:47Z" finished-at="2014-11-05T10:50:47Z">
          <reporter-output>
          </reporter-output>
        </test-method> <!-- afterMethod -->
        <test-method status="PASS" signature="BeforeMethod()[pri:0, instance:muni.fi.pa165.liquorbottles.persistenceLayerTests.StoreDAOImplTest@1f8bd6f9]" name="BeforeMethod" is-config="true" duration-ms="266" started-at="2014-11-05T10:50:47Z" finished-at="2014-11-05T10:50:47Z">
          <reporter-output>
          </reporter-output>
        </test-method> <!-- BeforeMethod -->
        <test-method status="PASS" signature="testUpdate()[pri:0, instance:muni.fi.pa165.liquorbottles.persistenceLayerTests.StoreDAOImplTest@1f8bd6f9]" name="testUpdate" duration-ms="47" started-at="2014-11-05T10:50:47Z" finished-at="2014-11-05T10:50:47Z">
          <reporter-output>
          </reporter-output>
        </test-method> <!-- testUpdate -->
        <test-method status="PASS" signature="afterMethod()[pri:0, instance:muni.fi.pa165.liquorbottles.persistenceLayerTests.StoreDAOImplTest@1f8bd6f9]" name="afterMethod" is-config="true" duration-ms="0" started-at="2014-11-05T10:50:47Z" finished-at="2014-11-05T10:50:47Z">
          <reporter-output>
          </reporter-output>
        </test-method> <!-- afterMethod -->
        <test-method status="PASS" signature="BeforeMethod()[pri:0, instance:muni.fi.pa165.liquorbottles.persistenceLayerTests.StoreDAOImplTest@1f8bd6f9]" name="BeforeMethod" is-config="true" duration-ms="140" started-at="2014-11-05T10:50:52Z" finished-at="2014-11-05T10:50:53Z">
          <reporter-output>
          </reporter-output>
        </test-method> <!-- BeforeMethod -->
        <test-method status="PASS" signature="testDelte()[pri:0, instance:muni.fi.pa165.liquorbottles.persistenceLayerTests.StoreDAOImplTest@1f8bd6f9]" name="testDelte" duration-ms="31" depends-on-groups="executeBeforeDeleteTest" started-at="2014-11-05T10:50:53Z" finished-at="2014-11-05T10:50:53Z">
          <reporter-output>
          </reporter-output>
        </test-method> <!-- testDelte -->
        <test-method status="PASS" signature="afterMethod()[pri:0, instance:muni.fi.pa165.liquorbottles.persistenceLayerTests.StoreDAOImplTest@1f8bd6f9]" name="afterMethod" is-config="true" duration-ms="0" started-at="2014-11-05T10:50:53Z" finished-at="2014-11-05T10:50:53Z">
          <reporter-output>
          </reporter-output>
        </test-method> <!-- afterMethod -->
      </class> <!-- muni.fi.pa165.liquorbottles.persistenceLayerTests.StoreDAOImplTest -->
      <class name="muni.fi.pa165.liquorbottles.persistenceLayerTests.UserDAOImplTest">
        <test-method status="PASS" signature="BeforeMethod()[pri:0, instance:muni.fi.pa165.liquorbottles.persistenceLayerTests.UserDAOImplTest@2b520293]" name="BeforeMethod" is-config="true" duration-ms="219" started-at="2014-11-05T10:50:47Z" finished-at="2014-11-05T10:50:48Z">
          <reporter-output>
          </reporter-output>
        </test-method> <!-- BeforeMethod -->
        <test-method status="PASS" signature="testFindAll()[pri:0, instance:muni.fi.pa165.liquorbottles.persistenceLayerTests.UserDAOImplTest@2b520293]" name="testFindAll" duration-ms="15" started-at="2014-11-05T10:50:48Z" finished-at="2014-11-05T10:50:48Z">
          <reporter-output>
          </reporter-output>
        </test-method> <!-- testFindAll -->
        <test-method status="PASS" signature="BeforeMethod()[pri:0, instance:muni.fi.pa165.liquorbottles.persistenceLayerTests.UserDAOImplTest@2b520293]" name="BeforeMethod" is-config="true" duration-ms="187" started-at="2014-11-05T10:50:48Z" finished-at="2014-11-05T10:50:48Z">
          <reporter-output>
          </reporter-output>
        </test-method> <!-- BeforeMethod -->
        <test-method status="PASS" signature="afterMethod()[pri:0, instance:muni.fi.pa165.liquorbottles.persistenceLayerTests.UserDAOImplTest@2b520293]" name="afterMethod" is-config="true" duration-ms="0" started-at="2014-11-05T10:50:48Z" finished-at="2014-11-05T10:50:48Z">
          <reporter-output>
          </reporter-output>
        </test-method> <!-- afterMethod -->
        <test-method status="PASS" signature="testFindById()[pri:0, instance:muni.fi.pa165.liquorbottles.persistenceLayerTests.UserDAOImplTest@2b520293]" name="testFindById" duration-ms="31" started-at="2014-11-05T10:50:48Z" finished-at="2014-11-05T10:50:48Z">
          <reporter-output>
          </reporter-output>
        </test-method> <!-- testFindById -->
        <test-method status="PASS" signature="afterMethod()[pri:0, instance:muni.fi.pa165.liquorbottles.persistenceLayerTests.UserDAOImplTest@2b520293]" name="afterMethod" is-config="true" duration-ms="0" started-at="2014-11-05T10:50:48Z" finished-at="2014-11-05T10:50:48Z">
          <reporter-output>
          </reporter-output>
        </test-method> <!-- afterMethod -->
        <test-method status="PASS" signature="BeforeMethod()[pri:0, instance:muni.fi.pa165.liquorbottles.persistenceLayerTests.UserDAOImplTest@2b520293]" name="BeforeMethod" is-config="true" duration-ms="172" started-at="2014-11-05T10:50:48Z" finished-at="2014-11-05T10:50:48Z">
          <reporter-output>
          </reporter-output>
        </test-method> <!-- BeforeMethod -->
        <test-method status="PASS" signature="testFindByUsername()[pri:0, instance:muni.fi.pa165.liquorbottles.persistenceLayerTests.UserDAOImplTest@2b520293]" name="testFindByUsername" duration-ms="62" started-at="2014-11-05T10:50:48Z" finished-at="2014-11-05T10:50:48Z">
          <reporter-output>
          </reporter-output>
        </test-method> <!-- testFindByUsername -->
        <test-method status="PASS" signature="BeforeMethod()[pri:0, instance:muni.fi.pa165.liquorbottles.persistenceLayerTests.UserDAOImplTest@2b520293]" name="BeforeMethod" is-config="true" duration-ms="207" started-at="2014-11-05T10:50:48Z" finished-at="2014-11-05T10:50:48Z">
          <reporter-output>
          </reporter-output>
        </test-method> <!-- BeforeMethod -->
        <test-method status="PASS" signature="afterMethod()[pri:0, instance:muni.fi.pa165.liquorbottles.persistenceLayerTests.UserDAOImplTest@2b520293]" name="afterMethod" is-config="true" duration-ms="0" started-at="2014-11-05T10:50:48Z" finished-at="2014-11-05T10:50:48Z">
          <reporter-output>
          </reporter-output>
        </test-method> <!-- afterMethod -->
        <test-method status="PASS" signature="testFindPassByUsername()[pri:0, instance:muni.fi.pa165.liquorbottles.persistenceLayerTests.UserDAOImplTest@2b520293]" name="testFindPassByUsername" duration-ms="32" started-at="2014-11-05T10:50:48Z" finished-at="2014-11-05T10:50:48Z">
          <reporter-output>
          </reporter-output>
        </test-method> <!-- testFindPassByUsername -->
        <test-method status="PASS" signature="afterMethod()[pri:0, instance:muni.fi.pa165.liquorbottles.persistenceLayerTests.UserDAOImplTest@2b520293]" name="afterMethod" is-config="true" duration-ms="0" started-at="2014-11-05T10:50:48Z" finished-at="2014-11-05T10:50:48Z">
          <reporter-output>
          </reporter-output>
        </test-method> <!-- afterMethod -->
        <test-method status="PASS" signature="BeforeMethod()[pri:0, instance:muni.fi.pa165.liquorbottles.persistenceLayerTests.UserDAOImplTest@2b520293]" name="BeforeMethod" is-config="true" duration-ms="216" started-at="2014-11-05T10:50:48Z" finished-at="2014-11-05T10:50:48Z">
          <reporter-output>
          </reporter-output>
        </test-method> <!-- BeforeMethod -->
        <test-method status="PASS" signature="testInsert()[pri:0, instance:muni.fi.pa165.liquorbottles.persistenceLayerTests.UserDAOImplTest@2b520293]" name="testInsert" duration-ms="62" started-at="2014-11-05T10:50:48Z" finished-at="2014-11-05T10:50:49Z">
          <reporter-output>
          </reporter-output>
        </test-method> <!-- testInsert -->
        <test-method status="PASS" signature="BeforeMethod()[pri:0, instance:muni.fi.pa165.liquorbottles.persistenceLayerTests.UserDAOImplTest@2b520293]" name="BeforeMethod" is-config="true" duration-ms="187" started-at="2014-11-05T10:50:49Z" finished-at="2014-11-05T10:50:49Z">
          <reporter-output>
          </reporter-output>
        </test-method> <!-- BeforeMethod -->
        <test-method status="PASS" signature="afterMethod()[pri:0, instance:muni.fi.pa165.liquorbottles.persistenceLayerTests.UserDAOImplTest@2b520293]" name="afterMethod" is-config="true" duration-ms="0" started-at="2014-11-05T10:50:49Z" finished-at="2014-11-05T10:50:49Z">
          <reporter-output>
          </reporter-output>
        </test-method> <!-- afterMethod -->
        <test-method status="PASS" signature="testUpdate()[pri:0, instance:muni.fi.pa165.liquorbottles.persistenceLayerTests.UserDAOImplTest@2b520293]" name="testUpdate" duration-ms="63" started-at="2014-11-05T10:50:49Z" finished-at="2014-11-05T10:50:49Z">
          <reporter-output>
          </reporter-output>
        </test-method> <!-- testUpdate -->
        <test-method status="PASS" signature="afterMethod()[pri:0, instance:muni.fi.pa165.liquorbottles.persistenceLayerTests.UserDAOImplTest@2b520293]" name="afterMethod" is-config="true" duration-ms="0" started-at="2014-11-05T10:50:49Z" finished-at="2014-11-05T10:50:49Z">
          <reporter-output>
          </reporter-output>
        </test-method> <!-- afterMethod -->
        <test-method status="PASS" signature="BeforeMethod()[pri:0, instance:muni.fi.pa165.liquorbottles.persistenceLayerTests.UserDAOImplTest@2b520293]" name="BeforeMethod" is-config="true" duration-ms="141" started-at="2014-11-05T10:50:53Z" finished-at="2014-11-05T10:50:53Z">
          <reporter-output>
          </reporter-output>
        </test-method> <!-- BeforeMethod -->
        <test-method status="PASS" signature="testDelete()[pri:0, instance:muni.fi.pa165.liquorbottles.persistenceLayerTests.UserDAOImplTest@2b520293]" name="testDelete" duration-ms="46" depends-on-groups="executeBeforeDeleteTest" started-at="2014-11-05T10:50:53Z" finished-at="2014-11-05T10:50:53Z">
          <reporter-output>
          </reporter-output>
        </test-method> <!-- testDelete -->
        <test-method status="PASS" signature="afterMethod()[pri:0, instance:muni.fi.pa165.liquorbottles.persistenceLayerTests.UserDAOImplTest@2b520293]" name="afterMethod" is-config="true" duration-ms="0" started-at="2014-11-05T10:50:53Z" finished-at="2014-11-05T10:50:53Z">
          <reporter-output>
          </reporter-output>
        </test-method> <!-- afterMethod -->
      </class> <!-- muni.fi.pa165.liquorbottles.persistenceLayerTests.UserDAOImplTest -->
      <class name="muni.fi.pa165.liquorbottles.persistenceLayerTests.BottleDAOImplTest">
        <test-method status="PASS" signature="beforeMethod()[pri:0, instance:muni.fi.pa165.liquorbottles.persistenceLayerTests.BottleDAOImplTest@139c21c1]" name="beforeMethod" is-config="true" duration-ms="4641" started-at="2014-11-05T10:50:23Z" finished-at="2014-11-05T10:50:28Z">
          <reporter-output>
          </reporter-output>
        </test-method> <!-- beforeMethod -->
        <test-method status="PASS" signature="testDeleteBottle()[pri:0, instance:muni.fi.pa165.liquorbottles.persistenceLayerTests.BottleDAOImplTest@139c21c1]" name="testDeleteBottle" duration-ms="6613" started-at="2014-11-05T10:50:28Z" finished-at="2014-11-05T10:50:34Z">
          <reporter-output>
          </reporter-output>
        </test-method> <!-- testDeleteBottle -->
        <test-method status="PASS" signature="afterMethod()[pri:0, instance:muni.fi.pa165.liquorbottles.persistenceLayerTests.BottleDAOImplTest@139c21c1]" name="afterMethod" is-config="true" duration-ms="1" started-at="2014-11-05T10:50:34Z" finished-at="2014-11-05T10:50:34Z">
          <reporter-output>
          </reporter-output>
        </test-method> <!-- afterMethod -->
        <test-method status="PASS" signature="beforeMethod()[pri:0, instance:muni.fi.pa165.liquorbottles.persistenceLayerTests.BottleDAOImplTest@139c21c1]" name="beforeMethod" is-config="true" duration-ms="1929" started-at="2014-11-05T10:50:34Z" finished-at="2014-11-05T10:50:36Z">
          <reporter-output>
          </reporter-output>
        </test-method> <!-- beforeMethod -->
        <test-method status="PASS" signature="testFindAll()[pri:0, instance:muni.fi.pa165.liquorbottles.persistenceLayerTests.BottleDAOImplTest@139c21c1]" name="testFindAll" duration-ms="269" started-at="2014-11-05T10:50:36Z" finished-at="2014-11-05T10:50:37Z">
          <reporter-output>
          </reporter-output>
        </test-method> <!-- testFindAll -->
        <test-method status="PASS" signature="afterMethod()[pri:0, instance:muni.fi.pa165.liquorbottles.persistenceLayerTests.BottleDAOImplTest@139c21c1]" name="afterMethod" is-config="true" duration-ms="0" started-at="2014-11-05T10:50:37Z" finished-at="2014-11-05T10:50:37Z">
          <reporter-output>
          </reporter-output>
        </test-method> <!-- afterMethod -->
        <test-method status="PASS" signature="beforeMethod()[pri:0, instance:muni.fi.pa165.liquorbottles.persistenceLayerTests.BottleDAOImplTest@139c21c1]" name="beforeMethod" is-config="true" duration-ms="1349" started-at="2014-11-05T10:50:37Z" finished-at="2014-11-05T10:50:38Z">
          <reporter-output>
          </reporter-output>
        </test-method> <!-- beforeMethod -->
        <test-method status="PASS" signature="testFindByBatchId()[pri:0, instance:muni.fi.pa165.liquorbottles.persistenceLayerTests.BottleDAOImplTest@139c21c1]" name="testFindByBatchId" duration-ms="200" started-at="2014-11-05T10:50:38Z" finished-at="2014-11-05T10:50:38Z">
          <reporter-output>
          </reporter-output>
        </test-method> <!-- testFindByBatchId -->
        <test-method status="PASS" signature="afterMethod()[pri:0, instance:muni.fi.pa165.liquorbottles.persistenceLayerTests.BottleDAOImplTest@139c21c1]" name="afterMethod" is-config="true" duration-ms="0" started-at="2014-11-05T10:50:38Z" finished-at="2014-11-05T10:50:38Z">
          <reporter-output>
          </reporter-output>
        </test-method> <!-- afterMethod -->
        <test-method status="PASS" signature="beforeMethod()[pri:0, instance:muni.fi.pa165.liquorbottles.persistenceLayerTests.BottleDAOImplTest@139c21c1]" name="beforeMethod" is-config="true" duration-ms="1178" started-at="2014-11-05T10:50:38Z" finished-at="2014-11-05T10:50:39Z">
          <reporter-output>
          </reporter-output>
        </test-method> <!-- beforeMethod -->
        <test-method status="PASS" signature="testFindByDate()[pri:0, instance:muni.fi.pa165.liquorbottles.persistenceLayerTests.BottleDAOImplTest@139c21c1]" name="testFindByDate" duration-ms="196" started-at="2014-11-05T10:50:39Z" finished-at="2014-11-05T10:50:40Z">
          <reporter-output>
          </reporter-output>
        </test-method> <!-- testFindByDate -->
        <test-method status="PASS" signature="afterMethod()[pri:0, instance:muni.fi.pa165.liquorbottles.persistenceLayerTests.BottleDAOImplTest@139c21c1]" name="afterMethod" is-config="true" duration-ms="1" started-at="2014-11-05T10:50:40Z" finished-at="2014-11-05T10:50:40Z">
          <reporter-output>
          </reporter-output>
        </test-method> <!-- afterMethod -->
        <test-method status="PASS" signature="beforeMethod()[pri:0, instance:muni.fi.pa165.liquorbottles.persistenceLayerTests.BottleDAOImplTest@139c21c1]" name="beforeMethod" is-config="true" duration-ms="807" started-at="2014-11-05T10:50:40Z" finished-at="2014-11-05T10:50:40Z">
          <reporter-output>
          </reporter-output>
        </test-method> <!-- beforeMethod -->
        <test-method status="PASS" signature="testFindById()[pri:0, instance:muni.fi.pa165.liquorbottles.persistenceLayerTests.BottleDAOImplTest@139c21c1]" name="testFindById" duration-ms="78" started-at="2014-11-05T10:50:40Z" finished-at="2014-11-05T10:50:40Z">
          <reporter-output>
          </reporter-output>
        </test-method> <!-- testFindById -->
        <test-method status="PASS" signature="afterMethod()[pri:0, instance:muni.fi.pa165.liquorbottles.persistenceLayerTests.BottleDAOImplTest@139c21c1]" name="afterMethod" is-config="true" duration-ms="0" started-at="2014-11-05T10:50:40Z" finished-at="2014-11-05T10:50:40Z">
          <reporter-output>
          </reporter-output>
        </test-method> <!-- afterMethod -->
        <test-method status="PASS" signature="beforeMethod()[pri:0, instance:muni.fi.pa165.liquorbottles.persistenceLayerTests.BottleDAOImplTest@139c21c1]" name="beforeMethod" is-config="true" duration-ms="678" started-at="2014-11-05T10:50:40Z" finished-at="2014-11-05T10:50:41Z">
          <reporter-output>
          </reporter-output>
        </test-method> <!-- beforeMethod -->
        <test-method status="PASS" signature="testFindByStamp()[pri:0, instance:muni.fi.pa165.liquorbottles.persistenceLayerTests.BottleDAOImplTest@139c21c1]" name="testFindByStamp" duration-ms="156" started-at="2014-11-05T10:50:41Z" finished-at="2014-11-05T10:50:41Z">
          <reporter-output>
          </reporter-output>
        </test-method> <!-- testFindByStamp -->
        <test-method status="PASS" signature="beforeMethod()[pri:0, instance:muni.fi.pa165.liquorbottles.persistenceLayerTests.BottleDAOImplTest@139c21c1]" name="beforeMethod" is-config="true" duration-ms="803" started-at="2014-11-05T10:50:41Z" finished-at="2014-11-05T10:50:42Z">
          <reporter-output>
          </reporter-output>
        </test-method> <!-- beforeMethod -->
        <test-method status="PASS" signature="afterMethod()[pri:0, instance:muni.fi.pa165.liquorbottles.persistenceLayerTests.BottleDAOImplTest@139c21c1]" name="afterMethod" is-config="true" duration-ms="0" started-at="2014-11-05T10:50:41Z" finished-at="2014-11-05T10:50:41Z">
          <reporter-output>
          </reporter-output>
        </test-method> <!-- afterMethod -->
        <test-method status="PASS" signature="testFindByToxicity()[pri:0, instance:muni.fi.pa165.liquorbottles.persistenceLayerTests.BottleDAOImplTest@139c21c1]" name="testFindByToxicity" duration-ms="135" started-at="2014-11-05T10:50:42Z" finished-at="2014-11-05T10:50:42Z">
          <reporter-output>
          </reporter-output>
        </test-method> <!-- testFindByToxicity -->
        <test-method status="PASS" signature="afterMethod()[pri:0, instance:muni.fi.pa165.liquorbottles.persistenceLayerTests.BottleDAOImplTest@139c21c1]" name="afterMethod" is-config="true" duration-ms="0" started-at="2014-11-05T10:50:42Z" finished-at="2014-11-05T10:50:42Z">
          <reporter-output>
          </reporter-output>
        </test-method> <!-- afterMethod -->
        <test-method status="PASS" signature="beforeMethod()[pri:0, instance:muni.fi.pa165.liquorbottles.persistenceLayerTests.BottleDAOImplTest@139c21c1]" name="beforeMethod" is-config="true" duration-ms="698" started-at="2014-11-05T10:50:42Z" finished-at="2014-11-05T10:50:43Z">
          <reporter-output>
          </reporter-output>
        </test-method> <!-- beforeMethod -->
        <test-method status="PASS" signature="testInsertBottle()[pri:0, instance:muni.fi.pa165.liquorbottles.persistenceLayerTests.BottleDAOImplTest@139c21c1]" name="testInsertBottle" duration-ms="46" started-at="2014-11-05T10:50:43Z" finished-at="2014-11-05T10:50:43Z">
          <reporter-output>
          </reporter-output>
        </test-method> <!-- testInsertBottle -->
        <test-method status="PASS" signature="beforeMethod()[pri:0, instance:muni.fi.pa165.liquorbottles.persistenceLayerTests.BottleDAOImplTest@139c21c1]" name="beforeMethod" is-config="true" duration-ms="702" started-at="2014-11-05T10:50:43Z" finished-at="2014-11-05T10:50:44Z">
          <reporter-output>
          </reporter-output>
        </test-method> <!-- beforeMethod -->
        <test-method status="PASS" signature="afterMethod()[pri:0, instance:muni.fi.pa165.liquorbottles.persistenceLayerTests.BottleDAOImplTest@139c21c1]" name="afterMethod" is-config="true" duration-ms="0" started-at="2014-11-05T10:50:43Z" finished-at="2014-11-05T10:50:43Z">
          <reporter-output>
          </reporter-output>
        </test-method> <!-- afterMethod -->
        <test-method status="PASS" signature="testUpdateBottle()[pri:0, instance:muni.fi.pa165.liquorbottles.persistenceLayerTests.BottleDAOImplTest@139c21c1]" name="testUpdateBottle" duration-ms="125" started-at="2014-11-05T10:50:44Z" finished-at="2014-11-05T10:50:44Z">
          <reporter-output>
          </reporter-output>
        </test-method> <!-- testUpdateBottle -->
        <test-method status="PASS" signature="afterMethod()[pri:0, instance:muni.fi.pa165.liquorbottles.persistenceLayerTests.BottleDAOImplTest@139c21c1]" name="afterMethod" is-config="true" duration-ms="0" started-at="2014-11-05T10:50:44Z" finished-at="2014-11-05T10:50:44Z">
          <reporter-output>
          </reporter-output>
        </test-method> <!-- afterMethod -->
      </class> <!-- muni.fi.pa165.liquorbottles.persistenceLayerTests.BottleDAOImplTest -->
      <class name="muni.fi.pa165.liquorbottles.persistenceLayerTests.BottleTypeDAOImplTest">
        <test-method status="PASS" signature="beforeMethod()[pri:0, instance:muni.fi.pa165.liquorbottles.persistenceLayerTests.BottleTypeDAOImplTest@645f4e2d]" name="beforeMethod" is-config="true" duration-ms="212" started-at="2014-11-05T10:50:51Z" finished-at="2014-11-05T10:50:51Z">
          <reporter-output>
          </reporter-output>
        </test-method> <!-- beforeMethod -->
        <test-method status="PASS" signature="testDeleteBottleType()[pri:0, instance:muni.fi.pa165.liquorbottles.persistenceLayerTests.BottleTypeDAOImplTest@645f4e2d]" name="testDeleteBottleType" duration-ms="18" started-at="2014-11-05T10:50:51Z" finished-at="2014-11-05T10:50:51Z">
          <reporter-output>
          </reporter-output>
        </test-method> <!-- testDeleteBottleType -->
        <test-method status="PASS" signature="afterMethod()[pri:0, instance:muni.fi.pa165.liquorbottles.persistenceLayerTests.BottleTypeDAOImplTest@645f4e2d]" name="afterMethod" is-config="true" duration-ms="0" started-at="2014-11-05T10:50:51Z" finished-at="2014-11-05T10:50:51Z">
          <reporter-output>
          </reporter-output>
        </test-method> <!-- afterMethod -->
        <test-method status="PASS" signature="beforeMethod()[pri:0, instance:muni.fi.pa165.liquorbottles.persistenceLayerTests.BottleTypeDAOImplTest@645f4e2d]" name="beforeMethod" is-config="true" duration-ms="156" started-at="2014-11-05T10:50:51Z" finished-at="2014-11-05T10:50:51Z">
          <reporter-output>
          </reporter-output>
        </test-method> <!-- beforeMethod -->
        <test-method status="PASS" signature="testInsertTypeBottle()[pri:0, instance:muni.fi.pa165.liquorbottles.persistenceLayerTests.BottleTypeDAOImplTest@645f4e2d]" name="testInsertTypeBottle" duration-ms="15" started-at="2014-11-05T10:50:51Z" finished-at="2014-11-05T10:50:51Z">
          <reporter-output>
          </reporter-output>
        </test-method> <!-- testInsertTypeBottle -->
        <test-method status="PASS" signature="beforeMethod()[pri:0, instance:muni.fi.pa165.liquorbottles.persistenceLayerTests.BottleTypeDAOImplTest@645f4e2d]" name="beforeMethod" is-config="true" duration-ms="141" started-at="2014-11-05T10:50:51Z" finished-at="2014-11-05T10:50:51Z">
          <reporter-output>
          </reporter-output>
        </test-method> <!-- beforeMethod -->
        <test-method status="PASS" signature="afterMethod()[pri:0, instance:muni.fi.pa165.liquorbottles.persistenceLayerTests.BottleTypeDAOImplTest@645f4e2d]" name="afterMethod" is-config="true" duration-ms="0" started-at="2014-11-05T10:50:51Z" finished-at="2014-11-05T10:50:51Z">
          <reporter-output>
          </reporter-output>
        </test-method> <!-- afterMethod -->
        <test-method status="PASS" signature="findByAlcType()[pri:0, instance:muni.fi.pa165.liquorbottles.persistenceLayerTests.BottleTypeDAOImplTest@645f4e2d]" name="findByAlcType" duration-ms="31" started-at="2014-11-05T10:50:51Z" finished-at="2014-11-05T10:50:51Z">
          <reporter-output>
          </reporter-output>
        </test-method> <!-- findByAlcType -->
        <test-method status="PASS" signature="beforeMethod()[pri:0, instance:muni.fi.pa165.liquorbottles.persistenceLayerTests.BottleTypeDAOImplTest@645f4e2d]" name="beforeMethod" is-config="true" duration-ms="158" started-at="2014-11-05T10:50:51Z" finished-at="2014-11-05T10:50:51Z">
          <reporter-output>
          </reporter-output>
        </test-method> <!-- beforeMethod -->
        <test-method status="PASS" signature="afterMethod()[pri:0, instance:muni.fi.pa165.liquorbottles.persistenceLayerTests.BottleTypeDAOImplTest@645f4e2d]" name="afterMethod" is-config="true" duration-ms="0" started-at="2014-11-05T10:50:51Z" finished-at="2014-11-05T10:50:51Z">
          <reporter-output>
          </reporter-output>
        </test-method> <!-- afterMethod -->
        <test-method status="PASS" signature="findByPower()[pri:0, instance:muni.fi.pa165.liquorbottles.persistenceLayerTests.BottleTypeDAOImplTest@645f4e2d]" name="findByPower" duration-ms="16" started-at="2014-11-05T10:50:51Z" finished-at="2014-11-05T10:50:51Z">
          <reporter-output>
          </reporter-output>
        </test-method> <!-- findByPower -->
        <test-method status="PASS" signature="afterMethod()[pri:0, instance:muni.fi.pa165.liquorbottles.persistenceLayerTests.BottleTypeDAOImplTest@645f4e2d]" name="afterMethod" is-config="true" duration-ms="0" started-at="2014-11-05T10:50:51Z" finished-at="2014-11-05T10:50:51Z">
          <reporter-output>
          </reporter-output>
        </test-method> <!-- afterMethod -->
        <test-method status="PASS" signature="beforeMethod()[pri:0, instance:muni.fi.pa165.liquorbottles.persistenceLayerTests.BottleTypeDAOImplTest@645f4e2d]" name="beforeMethod" is-config="true" duration-ms="171" started-at="2014-11-05T10:50:51Z" finished-at="2014-11-05T10:50:51Z">
          <reporter-output>
          </reporter-output>
        </test-method> <!-- beforeMethod -->
        <test-method status="PASS" signature="testFindById()[pri:0, instance:muni.fi.pa165.liquorbottles.persistenceLayerTests.BottleTypeDAOImplTest@645f4e2d]" name="testFindById" duration-ms="0" started-at="2014-11-05T10:50:51Z" finished-at="2014-11-05T10:50:51Z">
          <reporter-output>
          </reporter-output>
        </test-method> <!-- testFindById -->
        <test-method status="PASS" signature="beforeMethod()[pri:0, instance:muni.fi.pa165.liquorbottles.persistenceLayerTests.BottleTypeDAOImplTest@645f4e2d]" name="beforeMethod" is-config="true" duration-ms="172" started-at="2014-11-05T10:50:51Z" finished-at="2014-11-05T10:50:52Z">
          <reporter-output>
          </reporter-output>
        </test-method> <!-- beforeMethod -->
        <test-method status="PASS" signature="afterMethod()[pri:0, instance:muni.fi.pa165.liquorbottles.persistenceLayerTests.BottleTypeDAOImplTest@645f4e2d]" name="afterMethod" is-config="true" duration-ms="0" started-at="2014-11-05T10:50:51Z" finished-at="2014-11-05T10:50:51Z">
          <reporter-output>
          </reporter-output>
        </test-method> <!-- afterMethod -->
        <test-method status="PASS" signature="findByVolume()[pri:0, instance:muni.fi.pa165.liquorbottles.persistenceLayerTests.BottleTypeDAOImplTest@645f4e2d]" name="findByVolume" duration-ms="15" started-at="2014-11-05T10:50:52Z" finished-at="2014-11-05T10:50:52Z">
          <reporter-output>
          </reporter-output>
        </test-method> <!-- findByVolume -->
        <test-method status="PASS" signature="afterMethod()[pri:0, instance:muni.fi.pa165.liquorbottles.persistenceLayerTests.BottleTypeDAOImplTest@645f4e2d]" name="afterMethod" is-config="true" duration-ms="0" started-at="2014-11-05T10:50:52Z" finished-at="2014-11-05T10:50:52Z">
          <reporter-output>
          </reporter-output>
        </test-method> <!-- afterMethod -->
        <test-method status="PASS" signature="beforeMethod()[pri:0, instance:muni.fi.pa165.liquorbottles.persistenceLayerTests.BottleTypeDAOImplTest@645f4e2d]" name="beforeMethod" is-config="true" duration-ms="562" started-at="2014-11-05T10:50:52Z" finished-at="2014-11-05T10:50:52Z">
          <reporter-output>
          </reporter-output>
        </test-method> <!-- beforeMethod -->
        <test-method status="PASS" signature="testFindAll()[pri:0, instance:muni.fi.pa165.liquorbottles.persistenceLayerTests.BottleTypeDAOImplTest@645f4e2d]" name="testFindAll" duration-ms="16" started-at="2014-11-05T10:50:52Z" finished-at="2014-11-05T10:50:52Z">
          <reporter-output>
          </reporter-output>
        </test-method> <!-- testFindAll -->
        <test-method status="PASS" signature="afterMethod()[pri:0, instance:muni.fi.pa165.liquorbottles.persistenceLayerTests.BottleTypeDAOImplTest@645f4e2d]" name="afterMethod" is-config="true" duration-ms="0" started-at="2014-11-05T10:50:52Z" finished-at="2014-11-05T10:50:52Z">
          <reporter-output>
          </reporter-output>
        </test-method> <!-- afterMethod -->
        <test-method status="PASS" signature="beforeMethod()[pri:0, instance:muni.fi.pa165.liquorbottles.persistenceLayerTests.BottleTypeDAOImplTest@645f4e2d]" name="beforeMethod" is-config="true" duration-ms="187" started-at="2014-11-05T10:50:52Z" finished-at="2014-11-05T10:50:52Z">
          <reporter-output>
          </reporter-output>
        </test-method> <!-- beforeMethod -->
        <test-method status="PASS" signature="testUpdateTypeBottle()[pri:0, instance:muni.fi.pa165.liquorbottles.persistenceLayerTests.BottleTypeDAOImplTest@645f4e2d]" name="testUpdateTypeBottle" duration-ms="32" started-at="2014-11-05T10:50:52Z" finished-at="2014-11-05T10:50:52Z">
          <reporter-output>
          </reporter-output>
        </test-method> <!-- testUpdateTypeBottle -->
        <test-method status="PASS" signature="afterMethod()[pri:0, instance:muni.fi.pa165.liquorbottles.persistenceLayerTests.BottleTypeDAOImplTest@645f4e2d]" name="afterMethod" is-config="true" duration-ms="0" started-at="2014-11-05T10:50:52Z" finished-at="2014-11-05T10:50:52Z">
          <reporter-output>
          </reporter-output>
        </test-method> <!-- afterMethod -->
      </class> <!-- muni.fi.pa165.liquorbottles.persistenceLayerTests.BottleTypeDAOImplTest -->
      <class name="muni.fi.pa165.liquorbottles.persistenceLayerTests.ProducerDAOImplTest">
        <test-method status="PASS" signature="beforeMethod()[pri:0, instance:muni.fi.pa165.liquorbottles.persistenceLayerTests.ProducerDAOImplTest@402c507f]" name="beforeMethod" is-config="true" duration-ms="156" started-at="2014-11-05T10:50:49Z" finished-at="2014-11-05T10:50:49Z">
          <reporter-output>
          </reporter-output>
        </test-method> <!-- beforeMethod -->
        <test-method status="PASS" signature="testDeleteProducer()[pri:0, instance:muni.fi.pa165.liquorbottles.persistenceLayerTests.ProducerDAOImplTest@402c507f]" name="testDeleteProducer" duration-ms="31" started-at="2014-11-05T10:50:49Z" finished-at="2014-11-05T10:50:49Z">
          <reporter-output>
          </reporter-output>
        </test-method> <!-- testDeleteProducer -->
        <test-method status="PASS" signature="beforeMethod()[pri:0, instance:muni.fi.pa165.liquorbottles.persistenceLayerTests.ProducerDAOImplTest@402c507f]" name="beforeMethod" is-config="true" duration-ms="203" started-at="2014-11-05T10:50:49Z" finished-at="2014-11-05T10:50:49Z">
          <reporter-output>
          </reporter-output>
        </test-method> <!-- beforeMethod -->
        <test-method status="PASS" signature="afterMethod()[pri:0, instance:muni.fi.pa165.liquorbottles.persistenceLayerTests.ProducerDAOImplTest@402c507f]" name="afterMethod" is-config="true" duration-ms="0" started-at="2014-11-05T10:50:49Z" finished-at="2014-11-05T10:50:49Z">
          <reporter-output>
          </reporter-output>
        </test-method> <!-- afterMethod -->
        <test-method status="PASS" signature="afterMethod()[pri:0, instance:muni.fi.pa165.liquorbottles.persistenceLayerTests.ProducerDAOImplTest@402c507f]" name="afterMethod" is-config="true" duration-ms="0" started-at="2014-11-05T10:50:49Z" finished-at="2014-11-05T10:50:49Z">
          <reporter-output>
          </reporter-output>
        </test-method> <!-- afterMethod -->
        <test-method status="PASS" signature="beforeMethod()[pri:0, instance:muni.fi.pa165.liquorbottles.persistenceLayerTests.ProducerDAOImplTest@402c507f]" name="beforeMethod" is-config="true" duration-ms="246" started-at="2014-11-05T10:50:49Z" finished-at="2014-11-05T10:50:49Z">
          <reporter-output>
          </reporter-output>
        </test-method> <!-- beforeMethod -->
        <test-method status="PASS" signature="testFindById()[pri:0, instance:muni.fi.pa165.liquorbottles.persistenceLayerTests.ProducerDAOImplTest@402c507f]" name="testFindById" duration-ms="0" started-at="2014-11-05T10:50:49Z" finished-at="2014-11-05T10:50:49Z">
          <reporter-output>
          </reporter-output>
        </test-method> <!-- testFindById -->
        <test-method status="PASS" signature="findByUsername()[pri:0, instance:muni.fi.pa165.liquorbottles.persistenceLayerTests.ProducerDAOImplTest@402c507f]" name="findByUsername" duration-ms="10" started-at="2014-11-05T10:50:49Z" finished-at="2014-11-05T10:50:49Z">
          <reporter-output>
          </reporter-output>
        </test-method> <!-- findByUsername -->
        <test-method status="PASS" signature="afterMethod()[pri:0, instance:muni.fi.pa165.liquorbottles.persistenceLayerTests.ProducerDAOImplTest@402c507f]" name="afterMethod" is-config="true" duration-ms="0" started-at="2014-11-05T10:50:49Z" finished-at="2014-11-05T10:50:49Z">
          <reporter-output>
          </reporter-output>
        </test-method> <!-- afterMethod -->
        <test-method status="PASS" signature="beforeMethod()[pri:0, instance:muni.fi.pa165.liquorbottles.persistenceLayerTests.ProducerDAOImplTest@402c507f]" name="beforeMethod" is-config="true" duration-ms="234" started-at="2014-11-05T10:50:49Z" finished-at="2014-11-05T10:50:50Z">
          <reporter-output>
          </reporter-output>
        </test-method> <!-- beforeMethod -->
        <test-method status="PASS" signature="afterMethod()[pri:0, instance:muni.fi.pa165.liquorbottles.persistenceLayerTests.ProducerDAOImplTest@402c507f]" name="afterMethod" is-config="true" duration-ms="0" started-at="2014-11-05T10:50:50Z" finished-at="2014-11-05T10:50:50Z">
          <reporter-output>
          </reporter-output>
        </test-method> <!-- afterMethod -->
        <test-method status="PASS" signature="findByfindByName()[pri:0, instance:muni.fi.pa165.liquorbottles.persistenceLayerTests.ProducerDAOImplTest@402c507f]" name="findByfindByName" duration-ms="0" started-at="2014-11-05T10:50:50Z" finished-at="2014-11-05T10:50:50Z">
          <reporter-output>
          </reporter-output>
        </test-method> <!-- findByfindByName -->
        <test-method status="PASS" signature="beforeMethod()[pri:0, instance:muni.fi.pa165.liquorbottles.persistenceLayerTests.ProducerDAOImplTest@402c507f]" name="beforeMethod" is-config="true" duration-ms="196" started-at="2014-11-05T10:50:50Z" finished-at="2014-11-05T10:50:50Z">
          <reporter-output>
          </reporter-output>
        </test-method> <!-- beforeMethod -->
        <test-method status="PASS" signature="findByAdress()[pri:0, instance:muni.fi.pa165.liquorbottles.persistenceLayerTests.ProducerDAOImplTest@402c507f]" name="findByAdress" duration-ms="15" started-at="2014-11-05T10:50:50Z" finished-at="2014-11-05T10:50:50Z">
          <reporter-output>
          </reporter-output>
        </test-method> <!-- findByAdress -->
        <test-method status="PASS" signature="afterMethod()[pri:0, instance:muni.fi.pa165.liquorbottles.persistenceLayerTests.ProducerDAOImplTest@402c507f]" name="afterMethod" is-config="true" duration-ms="0" started-at="2014-11-05T10:50:50Z" finished-at="2014-11-05T10:50:50Z">
          <reporter-output>
          </reporter-output>
        </test-method> <!-- afterMethod -->
        <test-method status="PASS" signature="beforeMethod()[pri:0, instance:muni.fi.pa165.liquorbottles.persistenceLayerTests.ProducerDAOImplTest@402c507f]" name="beforeMethod" is-config="true" duration-ms="223" started-at="2014-11-05T10:50:50Z" finished-at="2014-11-05T10:50:50Z">
          <reporter-output>
          </reporter-output>
        </test-method> <!-- beforeMethod -->
        <test-method status="PASS" signature="testFindAll()[pri:0, instance:muni.fi.pa165.liquorbottles.persistenceLayerTests.ProducerDAOImplTest@402c507f]" name="testFindAll" duration-ms="16" started-at="2014-11-05T10:50:50Z" finished-at="2014-11-05T10:50:50Z">
          <reporter-output>
          </reporter-output>
        </test-method> <!-- testFindAll -->
        <test-method status="PASS" signature="beforeMethod()[pri:0, instance:muni.fi.pa165.liquorbottles.persistenceLayerTests.ProducerDAOImplTest@402c507f]" name="beforeMethod" is-config="true" duration-ms="203" started-at="2014-11-05T10:50:50Z" finished-at="2014-11-05T10:50:50Z">
          <reporter-output>
          </reporter-output>
        </test-method> <!-- beforeMethod -->
        <test-method status="PASS" signature="afterMethod()[pri:0, instance:muni.fi.pa165.liquorbottles.persistenceLayerTests.ProducerDAOImplTest@402c507f]" name="afterMethod" is-config="true" duration-ms="0" started-at="2014-11-05T10:50:50Z" finished-at="2014-11-05T10:50:50Z">
          <reporter-output>
          </reporter-output>
        </test-method> <!-- afterMethod -->
        <test-method status="PASS" signature="afterMethod()[pri:0, instance:muni.fi.pa165.liquorbottles.persistenceLayerTests.ProducerDAOImplTest@402c507f]" name="afterMethod" is-config="true" duration-ms="0" started-at="2014-11-05T10:50:50Z" finished-at="2014-11-05T10:50:50Z">
          <reporter-output>
          </reporter-output>
        </test-method> <!-- afterMethod -->
        <test-method status="PASS" signature="testInsertProducer()[pri:0, instance:muni.fi.pa165.liquorbottles.persistenceLayerTests.ProducerDAOImplTest@402c507f]" name="testInsertProducer" duration-ms="0" started-at="2014-11-05T10:50:50Z" finished-at="2014-11-05T10:50:50Z">
          <reporter-output>
          </reporter-output>
        </test-method> <!-- testInsertProducer -->
        <test-method status="PASS" signature="beforeMethod()[pri:0, instance:muni.fi.pa165.liquorbottles.persistenceLayerTests.ProducerDAOImplTest@402c507f]" name="beforeMethod" is-config="true" duration-ms="187" started-at="2014-11-05T10:50:50Z" finished-at="2014-11-05T10:50:51Z">
          <reporter-output>
          </reporter-output>
        </test-method> <!-- beforeMethod -->
        <test-method status="PASS" signature="testUpdateProducer()[pri:0, instance:muni.fi.pa165.liquorbottles.persistenceLayerTests.ProducerDAOImplTest@402c507f]" name="testUpdateProducer" duration-ms="55" started-at="2014-11-05T10:50:51Z" finished-at="2014-11-05T10:50:51Z">
          <reporter-output>
          </reporter-output>
        </test-method> <!-- testUpdateProducer -->
        <test-method status="PASS" signature="afterMethod()[pri:0, instance:muni.fi.pa165.liquorbottles.persistenceLayerTests.ProducerDAOImplTest@402c507f]" name="afterMethod" is-config="true" duration-ms="0" started-at="2014-11-05T10:50:51Z" finished-at="2014-11-05T10:50:51Z">
          <reporter-output>
          </reporter-output>
        </test-method> <!-- afterMethod -->
      </class> <!-- muni.fi.pa165.liquorbottles.persistenceLayerTests.ProducerDAOImplTest -->
    </test> <!-- Command line test -->
  </suite> <!-- Command line suite -->
</testng-results>
